Build started 20/11/2012 7:58:29 PM.
     1>Project "C:\Documents and Settings\Graham\my documents\visual studio 2010\Projects\lab08\lab08.vcxproj" on node 2 (build target(s)).
     1>InitializeBuildStatus:
         Creating "Debug\lab08.unsuccessfulbuild" because "AlwaysCreate" was specified.
       ClCompile:
         All outputs are up-to-date.
       ManifestResourceCompile:
         All outputs are up-to-date.
       Link:
         All outputs are up-to-date.
         C:\Program Files\Microsoft Visual Studio 10.0\VC\bin\link.exe /ERRORREPORT:PROMPT /OUT:"C:\Documents and Settings\Graham\my documents\visual studio 2010\Projects\lab08\Debug\lab08.exe" /INCREMENTAL /NOLOGO kernel32.lib user32.lib gdi32.lib winspool.lib comdlg32.lib advapi32.lib shell32.lib ole32.lib oleaut32.lib uuid.lib odbc32.lib odbccp32.lib /MANIFEST /ManifestFile:"Debug\lab08.exe.intermediate.manifest" /MANIFESTUAC:"level='asInvoker' uiAccess='false'" /DEBUG /PDB:"C:\Documents and Settings\Graham\my documents\visual studio 2010\Projects\lab08\Debug\lab08.pdb" /SUBSYSTEM:CONSOLE /TLBID:1 /DYNAMICBASE /NXCOMPAT /IMPLIB:"C:\Documents and Settings\Graham\my documents\visual studio 2010\Projects\lab08\Debug\lab08.lib" /MACHINE:X86 Debug\lab08.exe.embed.manifest.res
         Debug\Card.obj
         Debug\cs1037lib.obj
         Debug\ImageCard.obj
         Debug\main.obj
         Debug\Point.obj
         Debug\Rect.obj
         Debug\VisualCard.obj
       Manifest:
         C:\Program Files\Microsoft SDKs\Windows\v7.0A\bin\mt.exe /nologo /verbose /out:"Debug\lab08.exe.embed.manifest" /manifest Debug\lab08.exe.intermediate.manifest
         All outputs are up-to-date.
       LinkEmbedManifest:
         All outputs are up-to-date.
         lab08.vcxproj -> C:\Documents and Settings\Graham\my documents\visual studio 2010\Projects\lab08\Debug\lab08.exe
       FinalizeBuildStatus:
         Deleting file "Debug\lab08.unsuccessfulbuild".
         Touching "Debug\lab08.lastbuildstate".
     1>Done Building Project "C:\Documents and Settings\Graham\my documents\visual studio 2010\Projects\lab08\lab08.vcxproj" (build target(s)).

Build succeeded.

Time Elapsed 00:00:01.40
