Build started 09/10/2012 7:29:10 PM.
     1>Project "C:\Documents and Settings\Graham\My Documents\Visual Studio 2010\Projects\lab04\lab04.vcxproj" on node 2 (build target(s)).
     1>InitializeBuildStatus:
         Touching "Debug\lab04.unsuccessfulbuild".
       ClCompile:
         C:\Program Files\Microsoft Visual Studio 10.0\VC\bin\CL.exe /c /ZI /nologo /W3 /WX- /Od /Oy- /D WIN32 /D _DEBUG /D _CONSOLE /D _UNICODE /D UNICODE /Gm /EHsc /RTC1 /MDd /GS /fp:precise /Zc:wchar_t /Zc:forScope /Fo"Debug\\" /Fd"Debug\vc100.pdb" /Gd /TP /analyze- /errorReport:prompt main.cpp
         main.cpp
       ManifestResourceCompile:
         All outputs are up-to-date.
       Link:
         C:\Program Files\Microsoft Visual Studio 10.0\VC\bin\link.exe /ERRORREPORT:PROMPT /OUT:"C:\Documents and Settings\Graham\My Documents\Visual Studio 2010\Projects\lab04\Debug\lab04.exe" /INCREMENTAL /NOLOGO kernel32.lib user32.lib gdi32.lib winspool.lib comdlg32.lib advapi32.lib shell32.lib ole32.lib oleaut32.lib uuid.lib odbc32.lib odbccp32.lib /MANIFEST /ManifestFile:"Debug\lab04.exe.intermediate.manifest" /MANIFESTUAC:"level='asInvoker' uiAccess='false'" /DEBUG /PDB:"C:\Documents and Settings\Graham\My Documents\Visual Studio 2010\Projects\lab04\Debug\lab04.pdb" /SUBSYSTEM:CONSOLE /TLBID:1 /DYNAMICBASE /NXCOMPAT /IMPLIB:"C:\Documents and Settings\Graham\My Documents\Visual Studio 2010\Projects\lab04\Debug\lab04.lib" /MACHINE:X86 Debug\lab04.exe.embed.manifest.res
         Debug\Card.obj
         Debug\cs1037lib.obj
         Debug\ImageCard.obj
         Debug\main.obj
         Debug\Point.obj
         Debug\Rect.obj
         Debug\VisualCard.obj
       Manifest:
         C:\Program Files\Microsoft SDKs\Windows\v7.0A\bin\mt.exe /nologo /verbose /out:"Debug\lab04.exe.embed.manifest" /manifest Debug\lab04.exe.intermediate.manifest
         All outputs are up-to-date.
       LinkEmbedManifest:
         All outputs are up-to-date.
         lab04.vcxproj -> C:\Documents and Settings\Graham\My Documents\Visual Studio 2010\Projects\lab04\Debug\lab04.exe
       FinalizeBuildStatus:
         Deleting file "Debug\lab04.unsuccessfulbuild".
         Touching "Debug\lab04.lastbuildstate".
     1>Done Building Project "C:\Documents and Settings\Graham\My Documents\Visual Studio 2010\Projects\lab04\lab04.vcxproj" (build target(s)).

Build succeeded.

Time Elapsed 00:00:01.59
