Build started 30/10/2012 8:42:30 PM.
     1>Project "C:\Documents and Settings\Graham\my documents\visual studio 2010\Projects\lab06\lab06.vcxproj" on node 2 (build target(s)).
     1>InitializeBuildStatus:
         Creating "Debug\lab06.unsuccessfulbuild" because "AlwaysCreate" was specified.
       ClCompile:
         C:\Program Files\Microsoft Visual Studio 10.0\VC\bin\CL.exe /c /ZI /nologo /W3 /WX- /Od /Oy- /D WIN32 /D _DEBUG /D _CONSOLE /D _UNICODE /D UNICODE /Gm /EHsc /RTC1 /MDd /GS /fp:precise /Zc:wchar_t /Zc:forScope /Fo"Debug\\" /Fd"Debug\vc100.pdb" /Gd /TP /analyze- /errorReport:prompt Card.cpp ImageCard.cpp VisualCard.cpp main.cpp
         Card.cpp
         Generating Code...
         Compiling...
         main.cpp
     1>c:\documents and settings\graham\my documents\visual studio 2010\projects\lab06\main.cpp(140): warning C4018: '<=' : signed/unsigned mismatch
         VisualCard.cpp
         ImageCard.cpp
         Generating Code...
       ManifestResourceCompile:
         All outputs are up-to-date.
       Link:
         C:\Program Files\Microsoft Visual Studio 10.0\VC\bin\link.exe /ERRORREPORT:PROMPT /OUT:"C:\Documents and Settings\Graham\my documents\visual studio 2010\Projects\lab06\Debug\lab06.exe" /INCREMENTAL /NOLOGO kernel32.lib user32.lib gdi32.lib winspool.lib comdlg32.lib advapi32.lib shell32.lib ole32.lib oleaut32.lib uuid.lib odbc32.lib odbccp32.lib /MANIFEST /ManifestFile:"Debug\lab06.exe.intermediate.manifest" /MANIFESTUAC:"level='asInvoker' uiAccess='false'" /DEBUG /PDB:"C:\Documents and Settings\Graham\my documents\visual studio 2010\Projects\lab06\Debug\lab06.pdb" /SUBSYSTEM:CONSOLE /TLBID:1 /DYNAMICBASE /NXCOMPAT /IMPLIB:"C:\Documents and Settings\Graham\my documents\visual studio 2010\Projects\lab06\Debug\lab06.lib" /MACHINE:X86 Debug\lab06.exe.embed.manifest.res
         Debug\Card.obj
         Debug\cs1037lib.obj
         Debug\ImageCard.obj
         Debug\main.obj
         Debug\Point.obj
         Debug\Rect.obj
         Debug\VisualCard.obj
       Manifest:
         C:\Program Files\Microsoft SDKs\Windows\v7.0A\bin\mt.exe /nologo /verbose /out:"Debug\lab06.exe.embed.manifest" /manifest Debug\lab06.exe.intermediate.manifest
         All outputs are up-to-date.
       LinkEmbedManifest:
         All outputs are up-to-date.
         lab06.vcxproj -> C:\Documents and Settings\Graham\my documents\visual studio 2010\Projects\lab06\Debug\lab06.exe
       FinalizeBuildStatus:
         Deleting file "Debug\lab06.unsuccessfulbuild".
         Touching "Debug\lab06.lastbuildstate".
     1>Done Building Project "C:\Documents and Settings\Graham\my documents\visual studio 2010\Projects\lab06\lab06.vcxproj" (build target(s)).

Build succeeded.

Time Elapsed 00:00:01.73
