Build started 16/10/2012 6:32:48 PM.
     1>Project "C:\Documents and Settings\Graham\My Documents\Visual Studio 2010\Projects\lab05\lab05.vcxproj" on node 2 (build target(s)).
     1>InitializeBuildStatus:
         Creating "Debug\lab05.unsuccessfulbuild" because "AlwaysCreate" was specified.
       ClCompile:
         All outputs are up-to-date.
       ManifestResourceCompile:
         All outputs are up-to-date.
       Link:
         All outputs are up-to-date.
         C:\Program Files\Microsoft Visual Studio 10.0\VC\bin\link.exe /ERRORREPORT:PROMPT /OUT:"C:\Documents and Settings\Graham\My Documents\Visual Studio 2010\Projects\lab05\Debug\lab05.exe" /INCREMENTAL /NOLOGO kernel32.lib user32.lib gdi32.lib winspool.lib comdlg32.lib advapi32.lib shell32.lib ole32.lib oleaut32.lib uuid.lib odbc32.lib odbccp32.lib /MANIFEST /ManifestFile:"Debug\lab05.exe.intermediate.manifest" /MANIFESTUAC:"level='asInvoker' uiAccess='false'" /DEBUG /PDB:"C:\Documents and Settings\Graham\My Documents\Visual Studio 2010\Projects\lab05\Debug\lab05.pdb" /SUBSYSTEM:CONSOLE /TLBID:1 /DYNAMICBASE /NXCOMPAT /IMPLIB:"C:\Documents and Settings\Graham\My Documents\Visual Studio 2010\Projects\lab05\Debug\lab05.lib" /MACHINE:X86 Debug\lab05.exe.embed.manifest.res
         Debug\main.obj
       Manifest:
         C:\Program Files\Microsoft SDKs\Windows\v7.0A\bin\mt.exe /nologo /verbose /out:"Debug\lab05.exe.embed.manifest" /manifest Debug\lab05.exe.intermediate.manifest
         All outputs are up-to-date.
       LinkEmbedManifest:
         All outputs are up-to-date.
         lab05.vcxproj -> C:\Documents and Settings\Graham\My Documents\Visual Studio 2010\Projects\lab05\Debug\lab05.exe
       FinalizeBuildStatus:
         Deleting file "Debug\lab05.unsuccessfulbuild".
         Touching "Debug\lab05.lastbuildstate".
     1>Done Building Project "C:\Documents and Settings\Graham\My Documents\Visual Studio 2010\Projects\lab05\lab05.vcxproj" (build target(s)).

Build succeeded.

Time Elapsed 00:00:01.95
